<?xml version="1.0" encoding="UTF-8"?>
<testsuite xmlns:xsi="http://www.w3.org/2001/XMLSchema-instance" xsi:noNamespaceSchemaLocation="https://maven.apache.org/surefire/maven-surefire-plugin/xsd/surefire-test-report-3.0.xsd" version="3.0" name="hellocucumber.RunCucumberTest" time="0.483" tests="4" errors="0" skipped="0" failures="0">
  <properties>
    <property name="java.specification.version" value="23"/>
    <property name="sun.cpu.isalist" value="amd64"/>
    <property name="sun.jnu.encoding" value="Cp1252"/>
    <property name="java.class.path" value="C:\Users\xouxo\OneDrive\Documents\GitHub\r5-a-08-qualdev-Alexandre3131\hellocucumber\target\test-classes;C:\Users\xouxo\OneDrive\Documents\GitHub\r5-a-08-qualdev-Alexandre3131\hellocucumber\target\classes;C:\Users\xouxo\.m2\repository\io\cucumber\cucumber-java\7.14.1\cucumber-java-7.14.1.jar;C:\Users\xouxo\.m2\repository\io\cucumber\cucumber-core\7.14.1\cucumber-core-7.14.1.jar;C:\Users\xouxo\.m2\repository\io\cucumber\cucumber-gherkin\7.14.1\cucumber-gherkin-7.14.1.jar;C:\Users\xouxo\.m2\repository\io\cucumber\cucumber-gherkin-messages\7.14.1\cucumber-gherkin-messages-7.14.1.jar;C:\Users\xouxo\.m2\repository\io\cucumber\gherkin\26.2.0\gherkin-26.2.0.jar;C:\Users\xouxo\.m2\repository\io\cucumber\messages\22.0.0\messages-22.0.0.jar;C:\Users\xouxo\.m2\repository\io\cucumber\tag-expressions\6.0.0\tag-expressions-6.0.0.jar;C:\Users\xouxo\.m2\repository\io\cucumber\cucumber-expressions\17.0.1\cucumber-expressions-17.0.1.jar;C:\Users\xouxo\.m2\repository\io\cucumber\datatable\7.14.1\datatable-7.14.1.jar;C:\Users\xouxo\.m2\repository\io\cucumber\cucumber-plugin\7.14.1\cucumber-plugin-7.14.1.jar;C:\Users\xouxo\.m2\repository\io\cucumber\docstring\7.14.1\docstring-7.14.1.jar;C:\Users\xouxo\.m2\repository\io\cucumber\html-formatter\20.4.0\html-formatter-20.4.0.jar;C:\Users\xouxo\.m2\repository\io\cucumber\junit-xml-formatter\0.2.0\junit-xml-formatter-0.2.0.jar;C:\Users\xouxo\.m2\repository\io\cucumber\ci-environment\10.0.0\ci-environment-10.0.0.jar;C:\Users\xouxo\.m2\repository\org\apiguardian\apiguardian-api\1.1.2\apiguardian-api-1.1.2.jar;C:\Users\xouxo\.m2\repository\io\cucumber\cucumber-junit-platform-engine\7.14.1\cucumber-junit-platform-engine-7.14.1.jar;C:\Users\xouxo\.m2\repository\org\junit\platform\junit-platform-engine\1.10.1\junit-platform-engine-1.10.1.jar;C:\Users\xouxo\.m2\repository\org\opentest4j\opentest4j\1.3.0\opentest4j-1.3.0.jar;C:\Users\xouxo\.m2\repository\org\junit\platform\junit-platform-commons\1.10.1\junit-platform-commons-1.10.1.jar;C:\Users\xouxo\.m2\repository\org\junit\platform\junit-platform-suite\1.10.1\junit-platform-suite-1.10.1.jar;C:\Users\xouxo\.m2\repository\org\junit\platform\junit-platform-suite-api\1.10.1\junit-platform-suite-api-1.10.1.jar;C:\Users\xouxo\.m2\repository\org\junit\platform\junit-platform-suite-engine\1.10.1\junit-platform-suite-engine-1.10.1.jar;C:\Users\xouxo\.m2\repository\org\junit\platform\junit-platform-suite-commons\1.10.1\junit-platform-suite-commons-1.10.1.jar;C:\Users\xouxo\.m2\repository\org\junit\platform\junit-platform-launcher\1.10.1\junit-platform-launcher-1.10.1.jar;C:\Users\xouxo\.m2\repository\org\junit\jupiter\junit-jupiter\5.10.1\junit-jupiter-5.10.1.jar;C:\Users\xouxo\.m2\repository\org\junit\jupiter\junit-jupiter-api\5.10.1\junit-jupiter-api-5.10.1.jar;C:\Users\xouxo\.m2\repository\org\junit\jupiter\junit-jupiter-params\5.10.1\junit-jupiter-params-5.10.1.jar;C:\Users\xouxo\.m2\repository\org\junit\jupiter\junit-jupiter-engine\5.10.1\junit-jupiter-engine-5.10.1.jar;"/>
    <property name="java.vm.vendor" value="Oracle Corporation"/>
    <property name="sun.arch.data.model" value="64"/>
    <property name="user.variant" value=""/>
    <property name="java.vendor.url" value="https://java.oracle.com/"/>
    <property name="user.timezone" value="Europe/Paris"/>
    <property name="os.name" value="Windows 11"/>
    <property name="java.vm.specification.version" value="23"/>
    <property name="sun.java.launcher" value="SUN_STANDARD"/>
    <property name="user.country" value="FR"/>
    <property name="sun.boot.library.path" value="C:\Program Files\Java\jdk-23\bin"/>
    <property name="sun.java.command" value="C:\Users\xouxo\AppData\Local\Temp\surefire3179447577438890990\surefirebooter-20241215183727350_3.jar C:\Users\xouxo\AppData\Local\Temp\surefire3179447577438890990 2024-12-15T18-37-27_216-jvmRun1 surefire-20241215183727350_1tmp surefire_0-20241215183727350_2tmp"/>
    <property name="jdk.debug" value="release"/>
    <property name="surefire.test.class.path" value="C:\Users\xouxo\OneDrive\Documents\GitHub\r5-a-08-qualdev-Alexandre3131\hellocucumber\target\test-classes;C:\Users\xouxo\OneDrive\Documents\GitHub\r5-a-08-qualdev-Alexandre3131\hellocucumber\target\classes;C:\Users\xouxo\.m2\repository\io\cucumber\cucumber-java\7.14.1\cucumber-java-7.14.1.jar;C:\Users\xouxo\.m2\repository\io\cucumber\cucumber-core\7.14.1\cucumber-core-7.14.1.jar;C:\Users\xouxo\.m2\repository\io\cucumber\cucumber-gherkin\7.14.1\cucumber-gherkin-7.14.1.jar;C:\Users\xouxo\.m2\repository\io\cucumber\cucumber-gherkin-messages\7.14.1\cucumber-gherkin-messages-7.14.1.jar;C:\Users\xouxo\.m2\repository\io\cucumber\gherkin\26.2.0\gherkin-26.2.0.jar;C:\Users\xouxo\.m2\repository\io\cucumber\messages\22.0.0\messages-22.0.0.jar;C:\Users\xouxo\.m2\repository\io\cucumber\tag-expressions\6.0.0\tag-expressions-6.0.0.jar;C:\Users\xouxo\.m2\repository\io\cucumber\cucumber-expressions\17.0.1\cucumber-expressions-17.0.1.jar;C:\Users\xouxo\.m2\repository\io\cucumber\datatable\7.14.1\datatable-7.14.1.jar;C:\Users\xouxo\.m2\repository\io\cucumber\cucumber-plugin\7.14.1\cucumber-plugin-7.14.1.jar;C:\Users\xouxo\.m2\repository\io\cucumber\docstring\7.14.1\docstring-7.14.1.jar;C:\Users\xouxo\.m2\repository\io\cucumber\html-formatter\20.4.0\html-formatter-20.4.0.jar;C:\Users\xouxo\.m2\repository\io\cucumber\junit-xml-formatter\0.2.0\junit-xml-formatter-0.2.0.jar;C:\Users\xouxo\.m2\repository\io\cucumber\ci-environment\10.0.0\ci-environment-10.0.0.jar;C:\Users\xouxo\.m2\repository\org\apiguardian\apiguardian-api\1.1.2\apiguardian-api-1.1.2.jar;C:\Users\xouxo\.m2\repository\io\cucumber\cucumber-junit-platform-engine\7.14.1\cucumber-junit-platform-engine-7.14.1.jar;C:\Users\xouxo\.m2\repository\org\junit\platform\junit-platform-engine\1.10.1\junit-platform-engine-1.10.1.jar;C:\Users\xouxo\.m2\repository\org\opentest4j\opentest4j\1.3.0\opentest4j-1.3.0.jar;C:\Users\xouxo\.m2\repository\org\junit\platform\junit-platform-commons\1.10.1\junit-platform-commons-1.10.1.jar;C:\Users\xouxo\.m2\repository\org\junit\platform\junit-platform-suite\1.10.1\junit-platform-suite-1.10.1.jar;C:\Users\xouxo\.m2\repository\org\junit\platform\junit-platform-suite-api\1.10.1\junit-platform-suite-api-1.10.1.jar;C:\Users\xouxo\.m2\repository\org\junit\platform\junit-platform-suite-engine\1.10.1\junit-platform-suite-engine-1.10.1.jar;C:\Users\xouxo\.m2\repository\org\junit\platform\junit-platform-suite-commons\1.10.1\junit-platform-suite-commons-1.10.1.jar;C:\Users\xouxo\.m2\repository\org\junit\platform\junit-platform-launcher\1.10.1\junit-platform-launcher-1.10.1.jar;C:\Users\xouxo\.m2\repository\org\junit\jupiter\junit-jupiter\5.10.1\junit-jupiter-5.10.1.jar;C:\Users\xouxo\.m2\repository\org\junit\jupiter\junit-jupiter-api\5.10.1\junit-jupiter-api-5.10.1.jar;C:\Users\xouxo\.m2\repository\org\junit\jupiter\junit-jupiter-params\5.10.1\junit-jupiter-params-5.10.1.jar;C:\Users\xouxo\.m2\repository\org\junit\jupiter\junit-jupiter-engine\5.10.1\junit-jupiter-engine-5.10.1.jar;"/>
    <property name="sun.cpu.endian" value="little"/>
    <property name="user.home" value="C:\Users\xouxo"/>
    <property name="user.language" value="fr"/>
    <property name="java.specification.vendor" value="Oracle Corporation"/>
    <property name="java.version.date" value="2024-10-15"/>
    <property name="java.home" value="C:\Program Files\Java\jdk-23"/>
    <property name="file.separator" value="\"/>
    <property name="basedir" value="C:\Users\xouxo\OneDrive\Documents\GitHub\r5-a-08-qualdev-Alexandre3131\hellocucumber"/>
    <property name="java.vm.compressedOopsMode" value="Zero based"/>
    <property name="line.separator" value="&#10;"/>
    <property name="java.vm.specification.vendor" value="Oracle Corporation"/>
    <property name="java.specification.name" value="Java Platform API Specification"/>
    <property name="surefire.real.class.path" value="C:\Users\xouxo\AppData\Local\Temp\surefire3179447577438890990\surefirebooter-20241215183727350_3.jar"/>
    <property name="user.script" value=""/>
    <property name="sun.management.compiler" value="HotSpot 64-Bit Tiered Compilers"/>
    <property name="java.runtime.version" value="23.0.1+11-39"/>
    <property name="user.name" value="xouxo"/>
    <property name="stdout.encoding" value="Cp1252"/>
    <property name="path.separator" value=";"/>
    <property name="os.version" value="10.0"/>
    <property name="java.runtime.name" value="Java(TM) SE Runtime Environment"/>
    <property name="file.encoding" value="UTF-8"/>
    <property name="java.vm.name" value="Java HotSpot(TM) 64-Bit Server VM"/>
    <property name="localRepository" value="C:\Users\xouxo\.m2\repository"/>
    <property name="java.vendor.url.bug" value="https://bugreport.java.com/bugreport/"/>
    <property name="java.io.tmpdir" value="C:\Users\xouxo\AppData\Local\Temp\"/>
    <property name="java.version" value="23.0.1"/>
    <property name="user.dir" value="C:\Users\xouxo\OneDrive\Documents\GitHub\r5-a-08-qualdev-Alexandre3131\hellocucumber"/>
    <property name="os.arch" value="amd64"/>
    <property name="java.vm.specification.name" value="Java Virtual Machine Specification"/>
    <property name="sun.os.patch.level" value=""/>
    <property name="native.encoding" value="Cp1252"/>
    <property name="java.library.path" value="C:\Program Files\Java\jdk-23\bin;C:\WINDOWS\Sun\Java\bin;C:\WINDOWS\system32;C:\WINDOWS;C:\Program Files\Common Files\Oracle\Java\javapath;C:\WINDOWS\system32;C:\WINDOWS;C:\WINDOWS\System32\Wbem;C:\WINDOWS\System32\WindowsPowerShell\v1.0\;C:\WINDOWS\System32\OpenSSH\;C:\Program Files\dotnet\;C:\Program Files\NVIDIA Corporation\NVIDIA NvDLISR;C:\Program Files (x86)\NVIDIA Corporation\PhysX\Common;C:\Program Files\Git\cmd;C:\Program Files\nodejs\;C:\Program Files\PostgreSQL\17\bin;C:\Program Files\Docker\Docker\resources\bin;C:\Users\xouxo\OneDrive\Bureau\apache-maven-3.9.9\bin;C:\Users\xouxo\AppData\Local\Microsoft\WindowsApps;C:\Users\xouxo\AppData\Local\Programs\Microsoft VS Code\bin;C:\Users\xouxo\AppData\Local\GitHubDesktop\bin;C:\Users\xouxo\AppData\Roaming\npm;C:\Program Files\PostgreSQL\17\bin;;c:\Users\xouxo\AppData\Roaming\Code\User\globalStorage\github.copilot-chat\debugCommand;."/>
    <property name="java.vm.info" value="mixed mode, sharing"/>
    <property name="stderr.encoding" value="Cp1252"/>
    <property name="java.vendor" value="Oracle Corporation"/>
    <property name="java.vm.version" value="23.0.1+11-39"/>
    <property name="sun.io.unicode.encoding" value="UnicodeLittle"/>
    <property name="java.class.version" value="67.0"/>
  </properties>
  <testcase name="The example" classname="An example" time="0.078"/>
  <testcase name="Example #1.1" classname="Examples" time="0.016"/>
  <testcase name="Example #1.2" classname="Examples" time="0.005"/>
  <testcase name="Example #1.3" classname="Examples" time="0.004"/>
</testsuite>